conv1a 5248
conv2a 221312
conv3a 884992
conv3b 1769728
conv4a 3539456
conv4b 7078400
conv5a 3539200
conv5b 1769728
fc6 16781312
fc7 16781312
conv1a 5248
conv2a 221312
conv3a 884992
conv3b 1769728
conv4a 3539456
conv4b 7078400
conv5a 3539200
conv5b 1769728
fc6 16781312
fc7 16781312
conv1a 5248
conv2a 221312
conv3a 884992
conv3b 1769728
conv4a 3539456
conv4b 7078400
conv5a 3539200
conv5b 1769728
fc6 16781312
fc7 16781312
conv1a 5248
conv2a 221312
conv3a 884992
conv3b 1769728
conv4a 3539456
conv4b 7078400
conv5a 3539200
conv5b 1769728
fc6 16781312
fc7 16781312
conv1a 5248
conv2a 221312
conv3a 884992
conv3b 1769728
conv4a 3539456
conv4b 7078400
conv5a 3539200
conv5b 1769728
fc6 16781312
fc7 16781312
conv1a 5248
conv2a 221312
conv3a 884992
conv3b 1769728
conv4a 3539456
conv4b 7078400
conv5a 3539200
conv5b 1769728
fc6 16781312
fc7 16781312
conv1a 5248
conv2a 221312
conv3a 884992
conv3b 1769728
conv4a 3539456
conv4b 7078400
conv5a 3539200
conv5b 1769728
fc6 16781312
fc7 16781312
conv1a 5248
conv2a 221312
conv3a 884992
conv3b 1769728
conv4a 3539456
conv4b 7078400
conv5a 3539200
conv5b 1769728
fc6 16781312
fc7 16781312
conv1a 5248
conv2a 221312
conv3a 884992
conv3b 1769728
conv4a 3539456
conv4b 7078400
conv5a 3539200
conv5b 1769728
fc6 16781312
fc7 16781312
conv1a 5248
conv2a 221312
conv3a 884992
conv3b 1769728
conv4a 3539456
conv4b 7078400
conv5a 3539200
conv5b 1769728
fc6 16781312
fc7 16781312
conv1a 5248
conv2a 221312
conv3a 884992
conv3b 1769728
conv4a 3539456
conv4b 7078400
conv5a 3539200
conv5b 1769728
fc6 16781312
fc7 16781312
conv1a 5248
conv2a 221312
conv3a 884992
conv3b 1769728
conv4a 3539456
conv4b 7078400
conv5a 3539200
conv5b 1769728
fc6 16781312
fc7 16781312
conv1a 5248
conv2a 221312
conv3a 884992
conv4a 1769728
conv5a 1769728
fc6 8390656
fc7 4196352
fc8 206949
conv1a 5248
conv2a 221312
conv3a 884992
conv4a 1769728
conv5a 1769728
fc6 8390656
fc7 4196352
fc8 206949
conv1a 5248
conv2a 221312
conv3a 884992
conv4a 1769728
conv5a 1769728
fc6 8390656
fc7 4196352
fc8 206949
conv1a 5248
conv2a 221312
conv3a 884992
conv4a 1769728
conv5a 1769728
fc6 8390656
fc7 4196352
fc8 206949
conv1a 5248
conv2a 221312
conv3a 884992
conv4a 1769728
conv5a 1769728
fc6 8390656
fc7 4196352
fc8 206949
